<?xml version="1.0" encoding="UTF-8"?>
<testng-results skipped="0" failed="0" ignored="0" total="2" passed="2">
  <reporter-output>
  </reporter-output>
  <suite name="Default suite" duration-ms="8824" started-at="2019-05-12T05:35:52Z" finished-at="2019-05-12T05:36:01Z">
    <groups>
      <group name="cucumber">
        <method signature="AbstractTestNGCucumberTests.feature(cucumber.api.testng.CucumberFeatureWrapper)[pri:0, instance:runners.MainRunner@4e1d422d]" name="feature" class="cucumber.api.testng.AbstractTestNGCucumberTests"/>
      </group> <!-- cucumber -->
    </groups>
    <test name="Default test" duration-ms="8824" started-at="2019-05-12T05:35:52Z" finished-at="2019-05-12T05:36:01Z">
      <class name="runners.MainRunner">
        <test-method status="PASS" signature="setUpClass()[pri:0, instance:runners.MainRunner@4e1d422d]" name="setUpClass" is-config="true" duration-ms="156" started-at="2019-05-12T05:35:52Z" finished-at="2019-05-12T05:35:52Z">
          <reporter-output>
          </reporter-output>
        </test-method> <!-- setUpClass -->
        <test-method status="PASS" signature="feature(cucumber.api.testng.CucumberFeatureWrapper)[pri:0, instance:runners.MainRunner@4e1d422d]" name="feature" duration-ms="4223" started-at="2019-05-12T05:35:52Z" description="Runs Cucumber Feature" data-provider="features" finished-at="2019-05-12T05:35:57Z">
          <params>
            <param index="0">
              <value>
                <![CDATA[Submit data to webdriveruniversity.com using contact us form1]]>
              </value>
            </param>
          </params>
          <reporter-output>
          </reporter-output>
        </test-method> <!-- feature -->
        <test-method status="PASS" signature="feature(cucumber.api.testng.CucumberFeatureWrapper)[pri:0, instance:runners.MainRunner@4e1d422d]" name="feature" duration-ms="4136" started-at="2019-05-12T05:35:57Z" description="Runs Cucumber Feature" data-provider="features" finished-at="2019-05-12T05:36:01Z">
          <params>
            <param index="0">
              <value>
                <![CDATA[Products page]]>
              </value>
            </param>
          </params>
          <reporter-output>
          </reporter-output>
        </test-method> <!-- feature -->
        <test-method status="PASS" signature="tearDownClass()[pri:0, instance:runners.MainRunner@4e1d422d]" name="tearDownClass" is-config="true" duration-ms="244" started-at="2019-05-12T05:36:01Z" finished-at="2019-05-12T05:36:01Z">
          <reporter-output>
          </reporter-output>
        </test-method> <!-- tearDownClass -->
      </class> <!-- runners.MainRunner -->
    </test> <!-- Default test -->
  </suite> <!-- Default suite -->
</testng-results>
